<?xml version="1.0" encoding="UTF-8"?>
<testng-results skipped="0" failed="0" ignored="0" total="1" passed="1">
  <reporter-output>
  </reporter-output>
  <suite name="Default suite" duration-ms="6759" started-at="2021-06-09T06:49:03Z" finished-at="2021-06-09T06:49:09Z">
    <groups>
    </groups>
    <test name="Default test" duration-ms="6759" started-at="2021-06-09T06:49:03Z" finished-at="2021-06-09T06:49:09Z">
      <class name="oAuth2.AccessTokenPost">
        <test-method status="PASS" signature="getTokenAndThenPostReq()[pri:0, instance:oAuth2.AccessTokenPost@67a20f67]" name="getTokenAndThenPostReq" duration-ms="6712" started-at="2021-06-09T12:19:03Z" finished-at="2021-06-09T12:19:09Z">
          <reporter-output>
          </reporter-output>
        </test-method> <!-- getTokenAndThenPostReq -->
      </class> <!-- oAuth2.AccessTokenPost -->
    </test> <!-- Default test -->
  </suite> <!-- Default suite -->
</testng-results>
